<?xml version="1.0" encoding="UTF-8"?>
<testsuite xmlns:xsi="http://www.w3.org/2001/XMLSchema-instance" xsi:noNamespaceSchemaLocation="https://maven.apache.org/surefire/maven-surefire-plugin/xsd/surefire-test-report.xsd" version="3.0.2" name="com.example.training.service.TrainerWorkloadServiceTest" time="1.447" tests="7" errors="0" skipped="0" failures="0" flakes="0">
  <properties>
[...]
</properties>
  <testcase name="getMonthlyWorkloadRejectsMissingSummary" classname="com.example.training.service.TrainerWorkloadServiceTest" time="1.244">
    <system-err><![CDATA[Mockito is currently self-attaching to enable the inline-mock-maker. This will no longer work in future releases of the JDK. Please add Mockito as an agent to your build as described in Mockito's documentation: https://javadoc.io/doc/org.mockito/mockito-core/latest/org.mockito/org/mockito/Mockito.html#0.3
WARNING: A Java agent has been loaded dynamically (/home/ubuser/.m2/repository/net/bytebuddy/byte-buddy-agent/1.17.8/byte-buddy-agent-1.17.8.jar)
WARNING: If a serviceability tool is in use, please run with -XX:+EnableDynamicAgentLoading to hide this warning
WARNING: If a serviceability tool is not in use, please run with -Djdk.instrument.traceUsage for more information
WARNING: Dynamic loading of agents will be disallowed by default in a future release
]]></system-err>
  </testcase>
  <testcase name="updateWorkloadCreatesSummaryForNewAddRequest" classname="com.example.training.service.TrainerWorkloadServiceTest" time="0.065">
    <system-out><![CDATA[16:41:07.348 [main] INFO com.example.training.service.TrainerWorkloadService -- ADD workload: trainer=trainer duration=60 remainingTotal=60 year=2026 month=8
]]></system-out>
  </testcase>
  <testcase name="updateWorkloadSubtractsDurationFromExistingSummary" classname="com.example.training.service.TrainerWorkloadServiceTest" time="0.01">
    <system-out><![CDATA[16:41:07.410 [main] INFO com.example.training.service.TrainerWorkloadService -- DELETE workload: trainer=trainer duration=60 durationTotal=40 year=2026 month=8
]]></system-out>
  </testcase>
  <testcase name="getMonthlyWorkloadMapsStoredSummary" classname="com.example.training.service.TrainerWorkloadServiceTest" time="0.047"/>
  <testcase name="updateWorkloadRejectsDeletionWhenSummaryDoesNotExist" classname="com.example.training.service.TrainerWorkloadServiceTest" time="0.006"/>
  <testcase name="updateWorkloadAddsDurationToExistingSummary" classname="com.example.training.service.TrainerWorkloadServiceTest" time="0.009">
    <system-out><![CDATA[16:41:07.478 [main] INFO com.example.training.service.TrainerWorkloadService -- ADD workload: trainer=trainer duration=60 durationTotal=160 year=2026 month=8
]]></system-out>
  </testcase>
  <testcase name="updateWorkloadRejectsDeletionGreaterThanExistingDuration" classname="com.example.training.service.TrainerWorkloadServiceTest" time="0.012"/>
</testsuite>