<?xml version="1.0" encoding="UTF-8"?>
<testsuite xmlns:xsi="http://www.w3.org/2001/XMLSchema-instance" xsi:noNamespaceSchemaLocation="https://maven.apache.org/surefire/maven-surefire-plugin/xsd/surefire-test-report.xsd" version="3.0.2" name="com.example.training.service.TrainerWorkloadServiceTest" time="1.263" tests="10" errors="0" skipped="0" failures="0" flakes="0">
  <properties>
[...]
</properties>
  <testcase name="updateWorkloadAddsNewYearWithoutChangingExistingYear" classname="com.example.training.service.TrainerWorkloadServiceTest" time="1.117">
    <system-out><![CDATA[18:46:29.779 [main] INFO com.example.training.service.TrainerWorkloadService -- ADD workload: trainer=trainer duration=60 durationTotal=60 year=2027 month=1
]]></system-out>
    <system-err><![CDATA[Mockito is currently self-attaching to enable the inline-mock-maker. This will no longer work in future releases of the JDK. Please add Mockito as an agent to your build as described in Mockito's documentation: https://javadoc.io/doc/org.mockito/mockito-core/latest/org.mockito/org/mockito/Mockito.html#0.3
WARNING: A Java agent has been loaded dynamically (/home/ubuser/.m2/repository/net/bytebuddy/byte-buddy-agent/1.17.8/byte-buddy-agent-1.17.8.jar)
WARNING: If a serviceability tool is in use, please run with -XX:+EnableDynamicAgentLoading to hide this warning
WARNING: If a serviceability tool is not in use, please run with -Djdk.instrument.traceUsage for more information
WARNING: Dynamic loading of agents will be disallowed by default in a future release
]]></system-err>
  </testcase>
  <testcase name="getMonthlyWorkloadRejectsMissingSummary" classname="com.example.training.service.TrainerWorkloadServiceTest" time="0.007"/>
  <testcase name="updateWorkloadRejectsDeletionForMissingMonthWithoutSaving" classname="com.example.training.service.TrainerWorkloadServiceTest" time="0.005"/>
  <testcase name="updateWorkloadCreatesSummaryForNewAddRequest" classname="com.example.training.service.TrainerWorkloadServiceTest" time="0.042">
    <system-out><![CDATA[18:46:29.874 [main] INFO com.example.training.service.TrainerWorkloadService -- ADD workload: trainer=trainer duration=60 remainingTotal=60 year=2026 month=8
]]></system-out>
  </testcase>
  <testcase name="updateWorkloadAddsNewMonthWithoutChangingExistingMonth" classname="com.example.training.service.TrainerWorkloadServiceTest" time="0.004">
    <system-out><![CDATA[18:46:29.917 [main] INFO com.example.training.service.TrainerWorkloadService -- ADD workload: trainer=trainer duration=60 durationTotal=60 year=2026 month=9
]]></system-out>
  </testcase>
  <testcase name="updateWorkloadSubtractsDurationFromExistingSummary" classname="com.example.training.service.TrainerWorkloadServiceTest" time="0.005">
    <system-out><![CDATA[18:46:29.922 [main] INFO com.example.training.service.TrainerWorkloadService -- DELETE workload: trainer=trainer duration=60 durationTotal=40 year=2026 month=8
]]></system-out>
  </testcase>
  <testcase name="getMonthlyWorkloadMapsStoredSummary" classname="com.example.training.service.TrainerWorkloadServiceTest" time="0.037"/>
  <testcase name="updateWorkloadRejectsDeletionWhenSummaryDoesNotExist" classname="com.example.training.service.TrainerWorkloadServiceTest" time="0.004"/>
  <testcase name="updateWorkloadAddsDurationToExistingSummary" classname="com.example.training.service.TrainerWorkloadServiceTest" time="0.008">
    <system-out><![CDATA[18:46:29.972 [main] INFO com.example.training.service.TrainerWorkloadService -- ADD workload: trainer=trainer duration=60 durationTotal=160 year=2026 month=8
]]></system-out>
  </testcase>
  <testcase name="updateWorkloadRejectsDeletionGreaterThanExistingDuration" classname="com.example.training.service.TrainerWorkloadServiceTest" time="0.003"/>
</testsuite>